Writing vib.eq.pckl
Writing vib.48x-.pckl
Writing vib.48x+.pckl
Writing vib.48y-.pckl
Writing vib.48y+.pckl
Writing vib.48z-.pckl
Writing vib.48z+.pckl
Writing vib.49x-.pckl
Writing vib.49x+.pckl
Writing vib.49y-.pckl
Writing vib.49y+.pckl
Writing vib.49z-.pckl
Writing vib.49z+.pckl
Writing vib.50x-.pckl
Writing vib.50x+.pckl
Writing vib.50y-.pckl
Writing vib.50y+.pckl
Writing vib.50z-.pckl
Writing vib.50z+.pckl
Writing vib.51x-.pckl
Writing vib.51x+.pckl
Writing vib.51y-.pckl
Writing vib.51y+.pckl
Writing vib.51z-.pckl
Writing vib.51z+.pckl
Writing vib.52x-.pckl
Writing vib.52x+.pckl
Writing vib.52y-.pckl
Writing vib.52y+.pckl
Writing vib.52z-.pckl
Writing vib.52z+.pckl
Writing vib.53x-.pckl
Writing vib.53x+.pckl
Writing vib.53y-.pckl
Writing vib.53y+.pckl
Writing vib.53z-.pckl
Writing vib.53z+.pckl
---------------------
  #    meV     cm^-1
---------------------
  0   33.7i    272.0i
  1   17.6i    141.7i
  2    5.6      44.8 
  3   13.3     107.1 
  4   19.3     156.0 
  5   21.8     175.5 
  6   39.2     316.4 
  7   46.2     372.4 
  8   67.6     545.2 
  9  141.8    1143.4 
 10  143.6    1158.1 
 11  145.9    1177.0 
 12  174.9    1410.6 
 13  176.5    1423.6 
 14  211.0    1702.2 
 15  375.0    3024.6 
 16  390.4    3148.4 
 17  392.0    3161.9 
---------------------
Zero-point energy: 1.182 eV
