Writing vib.eq.pckl
Writing vib.48x-.pckl
Writing vib.48x+.pckl
Writing vib.48y-.pckl
Writing vib.48y+.pckl
Writing vib.48z-.pckl
Writing vib.48z+.pckl
Writing vib.49x-.pckl
Writing vib.49x+.pckl
Writing vib.49y-.pckl
Writing vib.49y+.pckl
Writing vib.49z-.pckl
Writing vib.49z+.pckl
Writing vib.50x-.pckl
Writing vib.50x+.pckl
Writing vib.50y-.pckl
Writing vib.50y+.pckl
Writing vib.50z-.pckl
Writing vib.50z+.pckl
Writing vib.51x-.pckl
Writing vib.51x+.pckl
Writing vib.51y-.pckl
Writing vib.51y+.pckl
Writing vib.51z-.pckl
Writing vib.51z+.pckl
Writing vib.52x-.pckl
Writing vib.52x+.pckl
Writing vib.52y-.pckl
Writing vib.52y+.pckl
Writing vib.52z-.pckl
Writing vib.52z+.pckl
Writing vib.53x-.pckl
Writing vib.53x+.pckl
Writing vib.53y-.pckl
Writing vib.53y+.pckl
Writing vib.53z-.pckl
Writing vib.53z+.pckl
---------------------
  #    meV     cm^-1
---------------------
  0   13.6i    110.1i
  1    7.0      56.8 
  2   12.0      96.6 
  3   18.6     150.0 
  4   19.3     155.4 
  5   31.8     256.7 
  6   51.9     418.7 
  7  125.0    1008.0 
  8  137.5    1108.9 
  9  143.4    1156.6 
 10  168.7    1360.7 
 11  181.9    1467.5 
 12  184.3    1486.2 
 13  184.7    1489.3 
 14  370.3    2986.6 
 15  377.9    3048.0 
 16  388.8    3135.7 
 17  456.6    3682.8 
---------------------
Zero-point energy: 1.430 eV
