Writing vib.eq.pckl
Writing vib.48x-.pckl
Writing vib.48x+.pckl
Writing vib.48y-.pckl
Writing vib.48y+.pckl
Writing vib.48z-.pckl
Writing vib.48z+.pckl
Writing vib.49x-.pckl
Writing vib.49x+.pckl
Writing vib.49y-.pckl
Writing vib.49y+.pckl
Writing vib.49z-.pckl
Writing vib.49z+.pckl
---------------------
  #    meV     cm^-1
---------------------
  0    7.2      57.7 
  1   23.7     191.5 
  2   32.5     262.2 
  3   65.2     526.2 
  4   76.3     615.2 
  5  463.3    3736.4 
---------------------
Zero-point energy: 0.334 eV
