
  GRID BASED BADER ANALYSIS  (Version 0.28a 07/12/12)

  OPEN ... densitydown.cube    
  GAUSSIAN-STYLE INPUT FILE
  FFT-grid:    80 x  72 x 375
  CLOSE ... densitydown.cube    

  RUN TIME:    0.46 SECONDS

  CALCULATING BADER CHARGE DISTRIBUTION
                 0  10  25  50  75  100
  PERCENT DONE:  ********************** 

  REFINING AUTOMATICALLY
  ITERATION: 1
  EDGE POINTS:       1671206
  REASSIGNED POINTS:  145904
  ITERATION: 2
  CHECKED POINTS:    1277248
  REASSIGNED POINTS:    3321
  ITERATION: 3
  CHECKED POINTS:      40464
  REASSIGNED POINTS:    1023
  ITERATION: 4
  CHECKED POINTS:      12768
  REASSIGNED POINTS:     413
  ITERATION: 5
  CHECKED POINTS:       5022
  REASSIGNED POINTS:     149
  ITERATION: 6
  CHECKED POINTS:       2444
  REASSIGNED POINTS:      29
  ITERATION: 7
  CHECKED POINTS:        549
  REASSIGNED POINTS:      16
  ITERATION: 8
  CHECKED POINTS:        250
  REASSIGNED POINTS:      17
  ITERATION: 9
  CHECKED POINTS:        255
  REASSIGNED POINTS:      16
  ITERATION:10
  CHECKED POINTS:        285
  REASSIGNED POINTS:      19
  ITERATION:11
  CHECKED POINTS:        295
  REASSIGNED POINTS:      16
  ITERATION:12
  CHECKED POINTS:        239
  REASSIGNED POINTS:      14
  ITERATION:13
  CHECKED POINTS:        187
  REASSIGNED POINTS:       8
  ITERATION:14
  CHECKED POINTS:        117
  REASSIGNED POINTS:       7
  ITERATION:15
  CHECKED POINTS:        114
  REASSIGNED POINTS:       6
  ITERATION:16
  CHECKED POINTS:        117
  REASSIGNED POINTS:       9
  ITERATION:17
  CHECKED POINTS:        144
  REASSIGNED POINTS:       7
  ITERATION:18
  CHECKED POINTS:        144
  REASSIGNED POINTS:       9
  ITERATION:19
  CHECKED POINTS:        158
  REASSIGNED POINTS:       8
  ITERATION:20
  CHECKED POINTS:        141
  REASSIGNED POINTS:       7
  ITERATION:21
  CHECKED POINTS:        128
  REASSIGNED POINTS:       4
  ITERATION:22
  CHECKED POINTS:         70
  REASSIGNED POINTS:       2
  ITERATION:23
  CHECKED POINTS:         35
  REASSIGNED POINTS:       1
  ITERATION:24
  CHECKED POINTS:         26
  REASSIGNED POINTS:       0

  RUN TIME:      10.64 SECONDS

  CALCULATING MINIMUM DISTANCES TO ATOMS
                 0  10  25  50  75  100
  PERCENT DONE:  **********************

  RUN TIME:    0.49 SECONDS

  WRITING BADER ATOMIC CHARGES TO ACF.dat
  WRITING BADER VOLUME CHARGES TO BCF.dat

  NUMBER OF BADER MAXIMA FOUND:          50916
      SIGNIFICANT MAXIMA FOUND:            372
           NUMBER OF ELECTRONS:      192.00036
 
